<?xml version="1.0" encoding="UTF-8"?>
<!-- Generated by org.testng.reporters.JUnitReportReporter -->
<testsuite hostname="TrangPC" name="testSGK.FullscreenSBTe6" tests="5" failures="1" timestamp="26 Apr 2016 02:15:13 GMT" time="24.844" errors="0">
  <testcase name="test_sachmem" time="0.002" classname="testSGK.FullscreenSBTe6"/>
  <testcase name="test_sachmem" time="0.005" classname="testSGK.FullscreenSBTe6"/>
  <testcase name="test_sachmem" time="0.002" classname="testSGK.FullscreenSBTe6"/>
  <testcase name="test_sachmem" time="0.005" classname="testSGK.FullscreenSBTe6"/>
  <testcase name="test_sachmem" time="24.830" classname="testSGK.FullscreenSBTe6">
    <failure type="com.applitools.eyes.TestFailedException" message="Failed to set the viewport size">
      <![CDATA[com.applitools.eyes.TestFailedException: Failed to set the viewport size
	at com.applitools.eyes.Eyes.setViewportSize(Eyes.java:1832)
	at com.applitools.eyes.EyesBase.startSession(EyesBase.java:1328)
	at com.applitools.eyes.EyesBase.checkWindowBase(EyesBase.java:925)
	at com.applitools.eyes.Eyes.checkWindow(Eyes.java:359)
	at com.applitools.eyes.Eyes.checkWindow(Eyes.java:335)
	at testSGK.FullscreenSBTe6.test_sachmem(FullscreenSBTe6.java:45)
	at sun.reflect.NativeMethodAccessorImpl.invoke0(Native Method)
	at sun.reflect.NativeMethodAccessorImpl.invoke(Unknown Source)
	at sun.reflect.DelegatingMethodAccessorImpl.invoke(Unknown Source)
	at java.lang.reflect.Method.invoke(Unknown Source)
	at org.testng.internal.MethodInvocationHelper.invokeMethod(MethodInvocationHelper.java:86)
	at org.testng.internal.Invoker.invokeMethod(Invoker.java:645)
	at org.testng.internal.Invoker.invokeTestMethod(Invoker.java:822)
	at org.testng.internal.Invoker.invokeTestMethods(Invoker.java:1130)
	at org.testng.internal.TestMethodWorker.invokeTestMethods(TestMethodWorker.java:129)
	at org.testng.internal.TestMethodWorker.run(TestMethodWorker.java:112)
	at org.testng.TestRunner.privateRun(TestRunner.java:782)
	at org.testng.TestRunner.run(TestRunner.java:632)
	at org.testng.SuiteRunner.runTest(SuiteRunner.java:366)
	at org.testng.SuiteRunner.runSequentially(SuiteRunner.java:361)
	at org.testng.SuiteRunner.privateRun(SuiteRunner.java:319)
	at org.testng.SuiteRunner.run(SuiteRunner.java:268)
	at org.testng.SuiteRunnerWorker.runSuite(SuiteRunnerWorker.java:52)
	at org.testng.SuiteRunnerWorker.run(SuiteRunnerWorker.java:86)
	at org.testng.TestNG.runSuitesSequentially(TestNG.java:1244)
	at org.testng.TestNG.runSuitesLocally(TestNG.java:1169)
	at org.testng.TestNG.run(TestNG.java:1064)
	at org.testng.remote.RemoteTestNG.run(RemoteTestNG.java:113)
	at org.testng.remote.RemoteTestNG.initAndRun(RemoteTestNG.java:206)
	at org.testng.remote.RemoteTestNG.main(RemoteTestNG.java:177)
Caused by: com.applitools.eyes.EyesException: Failed to set browser size!
	at com.applitools.utils.EyesSeleniumUtils.setViewportSize(EyesSeleniumUtils.java:346)
	at com.applitools.eyes.Eyes.setViewportSize(Eyes.java:1827)
	... 29 more
]]>
    </failure>
  </testcase> <!-- test_sachmem -->
</testsuite> <!-- testSGK.FullscreenSBTe6 -->
