<?xml version="1.0" encoding="UTF-8"?>
<!-- Generated by org.testng.reporters.JUnitReportReporter -->
<testsuite hostname="TrangPC" name="testRLnW.English3" tests="8" failures="4" timestamp="5 May 2016 16:15:06 GMT" time="370.162" errors="0">
  <testcase name="test_sachmem" time="38.448" classname="testRLnW.English3"/>
  <testcase name="test_sachmem" time="46.974" classname="testRLnW.English3">
    <failure type="com.applitools.eyes.TestFailedException" message="&#039;Look Read n Write&#039; of &#039;Sachmem&#039;. See details at https://eyes.applitools.com/app/sessions/251939836012465?accountId=Q0X2BIVd5E_VSsNUq7ZQhw~~">
      <![CDATA[com.applitools.eyes.TestFailedException: 'Look Read n Write' of 'Sachmem'. See details at https://eyes.applitools.com/app/sessions/251939836012465?accountId=Q0X2BIVd5E_VSsNUq7ZQhw~~
	at com.applitools.eyes.EyesBase.close(EyesBase.java:600)
	at com.applitools.eyes.Eyes.close(Eyes.java:17)
	at com.applitools.eyes.EyesBase.close(EyesBase.java:540)
	at com.applitools.eyes.Eyes.close(Eyes.java:17)
	at testRLnW.English3.test_sachmem(English3.java:51)
	at sun.reflect.NativeMethodAccessorImpl.invoke0(Native Method)
	at sun.reflect.NativeMethodAccessorImpl.invoke(Unknown Source)
	at sun.reflect.DelegatingMethodAccessorImpl.invoke(Unknown Source)
	at java.lang.reflect.Method.invoke(Unknown Source)
	at org.testng.internal.MethodInvocationHelper.invokeMethod(MethodInvocationHelper.java:86)
	at org.testng.internal.Invoker.invokeMethod(Invoker.java:645)
	at org.testng.internal.Invoker.invokeTestMethod(Invoker.java:822)
	at org.testng.internal.Invoker.invokeTestMethods(Invoker.java:1130)
	at org.testng.internal.TestMethodWorker.invokeTestMethods(TestMethodWorker.java:129)
	at org.testng.internal.TestMethodWorker.run(TestMethodWorker.java:112)
	at org.testng.TestRunner.privateRun(TestRunner.java:782)
	at org.testng.TestRunner.run(TestRunner.java:632)
	at org.testng.SuiteRunner.runTest(SuiteRunner.java:366)
	at org.testng.SuiteRunner.runSequentially(SuiteRunner.java:361)
	at org.testng.SuiteRunner.privateRun(SuiteRunner.java:319)
	at org.testng.SuiteRunner.run(SuiteRunner.java:268)
	at org.testng.SuiteRunnerWorker.runSuite(SuiteRunnerWorker.java:52)
	at org.testng.SuiteRunnerWorker.run(SuiteRunnerWorker.java:86)
	at org.testng.TestNG.runSuitesSequentially(TestNG.java:1244)
	at org.testng.TestNG.runSuitesLocally(TestNG.java:1169)
	at org.testng.TestNG.run(TestNG.java:1064)
	at org.testng.remote.RemoteTestNG.run(RemoteTestNG.java:113)
	at org.testng.remote.RemoteTestNG.initAndRun(RemoteTestNG.java:206)
	at org.testng.remote.RemoteTestNG.main(RemoteTestNG.java:177)
]]>
    </failure>
  </testcase> <!-- test_sachmem -->
  <testcase name="test_sachmem" time="39.714" classname="testRLnW.English3"/>
  <testcase name="test_sachmem" time="39.775" classname="testRLnW.English3"/>
  <testcase name="test_sachmem" time="69.116" classname="testRLnW.English3">
    <failure type="com.applitools.eyes.TestFailedException" message="&#039;Look Read n Write&#039; of &#039;Sachmem&#039;. See details at https://eyes.applitools.com/app/sessions/251939835961259?accountId=Q0X2BIVd5E_VSsNUq7ZQhw~~">
      <![CDATA[com.applitools.eyes.TestFailedException: 'Look Read n Write' of 'Sachmem'. See details at https://eyes.applitools.com/app/sessions/251939835961259?accountId=Q0X2BIVd5E_VSsNUq7ZQhw~~
	at com.applitools.eyes.EyesBase.close(EyesBase.java:600)
	at com.applitools.eyes.Eyes.close(Eyes.java:17)
	at com.applitools.eyes.EyesBase.close(EyesBase.java:540)
	at com.applitools.eyes.Eyes.close(Eyes.java:17)
	at testRLnW.English3.test_sachmem(English3.java:51)
	at sun.reflect.NativeMethodAccessorImpl.invoke0(Native Method)
	at sun.reflect.NativeMethodAccessorImpl.invoke(Unknown Source)
	at sun.reflect.DelegatingMethodAccessorImpl.invoke(Unknown Source)
	at java.lang.reflect.Method.invoke(Unknown Source)
	at org.testng.internal.MethodInvocationHelper.invokeMethod(MethodInvocationHelper.java:86)
	at org.testng.internal.Invoker.invokeMethod(Invoker.java:645)
	at org.testng.internal.Invoker.invokeTestMethod(Invoker.java:822)
	at org.testng.internal.Invoker.invokeTestMethods(Invoker.java:1130)
	at org.testng.internal.TestMethodWorker.invokeTestMethods(TestMethodWorker.java:129)
	at org.testng.internal.TestMethodWorker.run(TestMethodWorker.java:112)
	at org.testng.TestRunner.privateRun(TestRunner.java:782)
	at org.testng.TestRunner.run(TestRunner.java:632)
	at org.testng.SuiteRunner.runTest(SuiteRunner.java:366)
	at org.testng.SuiteRunner.runSequentially(SuiteRunner.java:361)
	at org.testng.SuiteRunner.privateRun(SuiteRunner.java:319)
	at org.testng.SuiteRunner.run(SuiteRunner.java:268)
	at org.testng.SuiteRunnerWorker.runSuite(SuiteRunnerWorker.java:52)
	at org.testng.SuiteRunnerWorker.run(SuiteRunnerWorker.java:86)
	at org.testng.TestNG.runSuitesSequentially(TestNG.java:1244)
	at org.testng.TestNG.runSuitesLocally(TestNG.java:1169)
	at org.testng.TestNG.run(TestNG.java:1064)
	at org.testng.remote.RemoteTestNG.run(RemoteTestNG.java:113)
	at org.testng.remote.RemoteTestNG.initAndRun(RemoteTestNG.java:206)
	at org.testng.remote.RemoteTestNG.main(RemoteTestNG.java:177)
]]>
    </failure>
  </testcase> <!-- test_sachmem -->
  <testcase name="test_sachmem" time="44.442" classname="testRLnW.English3">
    <failure type="com.applitools.eyes.TestFailedException" message="&#039;Look Read n Write&#039; of &#039;Sachmem&#039;. See details at https://eyes.applitools.com/app/sessions/251939836102625?accountId=Q0X2BIVd5E_VSsNUq7ZQhw~~">
      <![CDATA[com.applitools.eyes.TestFailedException: 'Look Read n Write' of 'Sachmem'. See details at https://eyes.applitools.com/app/sessions/251939836102625?accountId=Q0X2BIVd5E_VSsNUq7ZQhw~~
	at com.applitools.eyes.EyesBase.close(EyesBase.java:600)
	at com.applitools.eyes.Eyes.close(Eyes.java:17)
	at com.applitools.eyes.EyesBase.close(EyesBase.java:540)
	at com.applitools.eyes.Eyes.close(Eyes.java:17)
	at testRLnW.English3.test_sachmem(English3.java:51)
	at sun.reflect.NativeMethodAccessorImpl.invoke0(Native Method)
	at sun.reflect.NativeMethodAccessorImpl.invoke(Unknown Source)
	at sun.reflect.DelegatingMethodAccessorImpl.invoke(Unknown Source)
	at java.lang.reflect.Method.invoke(Unknown Source)
	at org.testng.internal.MethodInvocationHelper.invokeMethod(MethodInvocationHelper.java:86)
	at org.testng.internal.Invoker.invokeMethod(Invoker.java:645)
	at org.testng.internal.Invoker.invokeTestMethod(Invoker.java:822)
	at org.testng.internal.Invoker.invokeTestMethods(Invoker.java:1130)
	at org.testng.internal.TestMethodWorker.invokeTestMethods(TestMethodWorker.java:129)
	at org.testng.internal.TestMethodWorker.run(TestMethodWorker.java:112)
	at org.testng.TestRunner.privateRun(TestRunner.java:782)
	at org.testng.TestRunner.run(TestRunner.java:632)
	at org.testng.SuiteRunner.runTest(SuiteRunner.java:366)
	at org.testng.SuiteRunner.runSequentially(SuiteRunner.java:361)
	at org.testng.SuiteRunner.privateRun(SuiteRunner.java:319)
	at org.testng.SuiteRunner.run(SuiteRunner.java:268)
	at org.testng.SuiteRunnerWorker.runSuite(SuiteRunnerWorker.java:52)
	at org.testng.SuiteRunnerWorker.run(SuiteRunnerWorker.java:86)
	at org.testng.TestNG.runSuitesSequentially(TestNG.java:1244)
	at org.testng.TestNG.runSuitesLocally(TestNG.java:1169)
	at org.testng.TestNG.run(TestNG.java:1064)
	at org.testng.remote.RemoteTestNG.run(RemoteTestNG.java:113)
	at org.testng.remote.RemoteTestNG.initAndRun(RemoteTestNG.java:206)
	at org.testng.remote.RemoteTestNG.main(RemoteTestNG.java:177)
]]>
    </failure>
  </testcase> <!-- test_sachmem -->
  <testcase name="test_sachmem" time="51.582" classname="testRLnW.English3">
    <failure type="com.applitools.eyes.TestFailedException" message="&#039;Look Read n Write&#039; of &#039;Sachmem&#039;. See details at https://eyes.applitools.com/app/sessions/251939835914158?accountId=Q0X2BIVd5E_VSsNUq7ZQhw~~">
      <![CDATA[com.applitools.eyes.TestFailedException: 'Look Read n Write' of 'Sachmem'. See details at https://eyes.applitools.com/app/sessions/251939835914158?accountId=Q0X2BIVd5E_VSsNUq7ZQhw~~
	at com.applitools.eyes.EyesBase.close(EyesBase.java:600)
	at com.applitools.eyes.Eyes.close(Eyes.java:17)
	at com.applitools.eyes.EyesBase.close(EyesBase.java:540)
	at com.applitools.eyes.Eyes.close(Eyes.java:17)
	at testRLnW.English3.test_sachmem(English3.java:51)
	at sun.reflect.NativeMethodAccessorImpl.invoke0(Native Method)
	at sun.reflect.NativeMethodAccessorImpl.invoke(Unknown Source)
	at sun.reflect.DelegatingMethodAccessorImpl.invoke(Unknown Source)
	at java.lang.reflect.Method.invoke(Unknown Source)
	at org.testng.internal.MethodInvocationHelper.invokeMethod(MethodInvocationHelper.java:86)
	at org.testng.internal.Invoker.invokeMethod(Invoker.java:645)
	at org.testng.internal.Invoker.invokeTestMethod(Invoker.java:822)
	at org.testng.internal.Invoker.invokeTestMethods(Invoker.java:1130)
	at org.testng.internal.TestMethodWorker.invokeTestMethods(TestMethodWorker.java:129)
	at org.testng.internal.TestMethodWorker.run(TestMethodWorker.java:112)
	at org.testng.TestRunner.privateRun(TestRunner.java:782)
	at org.testng.TestRunner.run(TestRunner.java:632)
	at org.testng.SuiteRunner.runTest(SuiteRunner.java:366)
	at org.testng.SuiteRunner.runSequentially(SuiteRunner.java:361)
	at org.testng.SuiteRunner.privateRun(SuiteRunner.java:319)
	at org.testng.SuiteRunner.run(SuiteRunner.java:268)
	at org.testng.SuiteRunnerWorker.runSuite(SuiteRunnerWorker.java:52)
	at org.testng.SuiteRunnerWorker.run(SuiteRunnerWorker.java:86)
	at org.testng.TestNG.runSuitesSequentially(TestNG.java:1244)
	at org.testng.TestNG.runSuitesLocally(TestNG.java:1169)
	at org.testng.TestNG.run(TestNG.java:1064)
	at org.testng.remote.RemoteTestNG.run(RemoteTestNG.java:113)
	at org.testng.remote.RemoteTestNG.initAndRun(RemoteTestNG.java:206)
	at org.testng.remote.RemoteTestNG.main(RemoteTestNG.java:177)
]]>
    </failure>
  </testcase> <!-- test_sachmem -->
  <testcase name="test_sachmem" time="40.111" classname="testRLnW.English3"/>
</testsuite> <!-- testRLnW.English3 -->
